{"uid":"2bf8aecf30d1dc2b","name":"test_6_perps_collateral","fullName":"Project_2_Perpetuals_QA_Testnet.Test.test_6_perps_collateral.TestPoolCreation#test_6_perps_collateral","historyId":"3bfbfc8f32670d074111674db5269e6c","time":{"start":1758717945720,"stop":1758717954939,"duration":9219},"status":"broken","statusMessage":"selenium.common.exceptions.TimeoutException: Message: ❌ Failed to click on element after 3 retries: //*[@class='text-xs sm:text-sm']","statusTrace":"self = <Project_2_Perpetuals_QA_Testnet.Test.test_6_perps_collateral.TestPoolCreation object at 0x725a0744ab90>\ncall_main_url = <selenium.webdriver.chrome.webdriver.WebDriver (session=\"22403722f25070b969ac9ff48401a377\")>, random_prices = (40, 467)\n\n    @pytest.mark.repeat(1)\n    # @pytest.mark.parametrize(\"SL_random_price,TP_random_price\", [(testcase_amounts.SL_random_price, testcase_amounts.TP_random_price)])\n    def test_6_perps_collateral(self, call_main_url, random_prices):\n        SL_random_price, TP_random_price = random_prices\n    \n        driver = call_main_url\n        lp = Launchpage(driver)\n    \n        StaticUtil.retry_click(driver, By.XPATH, lp.token_selection())  # click on token name\n        driver.implicitly_wait(3)\n        Token_input = driver.find_element(By.XPATH, lp.token_search())\n        Token_input.clear()\n        Token_input.send_keys(\"ADA-USDT\")\n>       StaticUtil.retry_click(driver, By.XPATH, lp.token_list())\n\nProject_2_Perpetuals_QA_Testnet/Test/test_6_perps_collateral.py:31: \n_ _ _ _ _ _ _ _ _ _ _ _ _ _ _ _ _ _ _ _ _ _ _ _ _ _ _ _ _ _ _ _ _ _ _ _ _ _ _ _ _ _ _ _ _ _ _ _ _ _ _ _ _ _ _ _ _ _ _ _ _ _ _ _ _ _ _ _ _ _ _ _ _ _ _ _ _ _ _ _ _ _ _ _ _ _ _ _ _ _ _ _ _ _ _ _ _ _ _ _ _ _ _ _ _ _ _ _\n\ndriver = <selenium.webdriver.chrome.webdriver.WebDriver (session=\"22403722f25070b969ac9ff48401a377\")>, by = 'xpath', locator = \"//*[@class='text-xs sm:text-sm']\", retries = 3, delay = 5, timeout = 3\nfail_if_disabled = True\n\n    @staticmethod\n    def retry_click(driver, by, locator, retries = 3, delay = 5, timeout=3, fail_if_disabled=True):\n        for attempt in range(retries):\n            try:\n                WebDriverWait(driver, timeout).until(EC.visibility_of_element_located((by, locator)))\n                element = WebDriverWait(driver, timeout).until(EC.element_to_be_clickable((by, locator)))\n                driver.execute_script(\"arguments[0].scrollIntoView({block: 'center'});\", element)\n                driver.implicitly_wait(delay)\n                element.click()\n                return element\n    \n            except Exception as e:\n                Logger.logger.error(f\"[{attempt+1}/{retries}] Retrying click on '{locator}' due to: {str(e).splitlines()[0]}\")        # str(e).splitlines()[0]-- Avoid printing full stacktrace\n                # driver.implicitly_wait(delay)\n    \n        msg = f\"❌ Failed to click on element after {retries} retries: {locator}\"\n        if fail_if_disabled:\n            Logger.logger.error(msg)\n>           raise TimeoutException(msg)\nE           selenium.common.exceptions.TimeoutException: Message: ❌ Failed to click on element after 3 retries: //*[@class='text-xs sm:text-sm']\n\nProject_2_Perpetuals_QA_Testnet/Utils/StaticUtils.py:35: TimeoutException","flaky":false,"newFailed":false,"newBroken":false,"newPassed":false,"retriesCount":0,"retriesStatusChange":false,"beforeStages":[{"name":"record_video","time":{"start":1758717930363,"stop":1758717930368,"duration":5},"status":"passed","steps":[],"attachments":[],"parameters":[],"shouldDisplayMessage":false,"stepsCount":0,"attachmentsCount":0,"hasContent":false,"attachmentStep":false},{"name":"call_main_url","time":{"start":1758717930369,"stop":1758717933413,"duration":3044},"status":"passed","steps":[],"attachments":[],"parameters":[],"shouldDisplayMessage":false,"stepsCount":0,"attachmentsCount":0,"hasContent":false,"attachmentStep":false},{"name":"login_and_connect_wallet","time":{"start":1758717933413,"stop":1758717945719,"duration":12306},"status":"passed","steps":[],"attachments":[],"parameters":[],"shouldDisplayMessage":false,"stepsCount":0,"attachmentsCount":0,"hasContent":false,"attachmentStep":false},{"name":"attach_logs_after_test","time":{"start":1758717945719,"stop":1758717945719,"duration":0},"status":"passed","steps":[],"attachments":[],"parameters":[],"shouldDisplayMessage":false,"stepsCount":0,"attachmentsCount":0,"hasContent":false,"attachmentStep":false},{"name":"random_prices","time":{"start":1758717945719,"stop":1758717945719,"duration":0},"status":"passed","steps":[],"attachments":[],"parameters":[],"shouldDisplayMessage":false,"stepsCount":0,"attachmentsCount":0,"hasContent":false,"attachmentStep":false}],"testStage":{"status":"broken","statusMessage":"selenium.common.exceptions.TimeoutException: Message: ❌ Failed to click on element after 3 retries: //*[@class='text-xs sm:text-sm']","statusTrace":"self = <Project_2_Perpetuals_QA_Testnet.Test.test_6_perps_collateral.TestPoolCreation object at 0x725a0744ab90>\ncall_main_url = <selenium.webdriver.chrome.webdriver.WebDriver (session=\"22403722f25070b969ac9ff48401a377\")>, random_prices = (40, 467)\n\n    @pytest.mark.repeat(1)\n    # @pytest.mark.parametrize(\"SL_random_price,TP_random_price\", [(testcase_amounts.SL_random_price, testcase_amounts.TP_random_price)])\n    def test_6_perps_collateral(self, call_main_url, random_prices):\n        SL_random_price, TP_random_price = random_prices\n    \n        driver = call_main_url\n        lp = Launchpage(driver)\n    \n        StaticUtil.retry_click(driver, By.XPATH, lp.token_selection())  # click on token name\n        driver.implicitly_wait(3)\n        Token_input = driver.find_element(By.XPATH, lp.token_search())\n        Token_input.clear()\n        Token_input.send_keys(\"ADA-USDT\")\n>       StaticUtil.retry_click(driver, By.XPATH, lp.token_list())\n\nProject_2_Perpetuals_QA_Testnet/Test/test_6_perps_collateral.py:31: \n_ _ _ _ _ _ _ _ _ _ _ _ _ _ _ _ _ _ _ _ _ _ _ _ _ _ _ _ _ _ _ _ _ _ _ _ _ _ _ _ _ _ _ _ _ _ _ _ _ _ _ _ _ _ _ _ _ _ _ _ _ _ _ _ _ _ _ _ _ _ _ _ _ _ _ _ _ _ _ _ _ _ _ _ _ _ _ _ _ _ _ _ _ _ _ _ _ _ _ _ _ _ _ _ _ _ _ _\n\ndriver = <selenium.webdriver.chrome.webdriver.WebDriver (session=\"22403722f25070b969ac9ff48401a377\")>, by = 'xpath', locator = \"//*[@class='text-xs sm:text-sm']\", retries = 3, delay = 5, timeout = 3\nfail_if_disabled = True\n\n    @staticmethod\n    def retry_click(driver, by, locator, retries = 3, delay = 5, timeout=3, fail_if_disabled=True):\n        for attempt in range(retries):\n            try:\n                WebDriverWait(driver, timeout).until(EC.visibility_of_element_located((by, locator)))\n                element = WebDriverWait(driver, timeout).until(EC.element_to_be_clickable((by, locator)))\n                driver.execute_script(\"arguments[0].scrollIntoView({block: 'center'});\", element)\n                driver.implicitly_wait(delay)\n                element.click()\n                return element\n    \n            except Exception as e:\n                Logger.logger.error(f\"[{attempt+1}/{retries}] Retrying click on '{locator}' due to: {str(e).splitlines()[0]}\")        # str(e).splitlines()[0]-- Avoid printing full stacktrace\n                # driver.implicitly_wait(delay)\n    \n        msg = f\"❌ Failed to click on element after {retries} retries: {locator}\"\n        if fail_if_disabled:\n            Logger.logger.error(msg)\n>           raise TimeoutException(msg)\nE           selenium.common.exceptions.TimeoutException: Message: ❌ Failed to click on element after 3 retries: //*[@class='text-xs sm:text-sm']\n\nProject_2_Perpetuals_QA_Testnet/Utils/StaticUtils.py:35: TimeoutException","steps":[],"attachments":[{"uid":"83bf63ea0abc2a80","name":"log","source":"83bf63ea0abc2a80.txt","type":"text/plain","size":2287}],"parameters":[],"shouldDisplayMessage":true,"stepsCount":0,"attachmentsCount":1,"hasContent":true,"attachmentStep":false},"afterStages":[{"name":"attach_logs_after_test::0","time":{"start":1758717954961,"stop":1758717954963,"duration":2},"status":"passed","steps":[],"attachments":[{"uid":"6d300648134a21e5","name":"Test Execution Logs","source":"6d300648134a21e5.txt","type":"text/plain","size":2070}],"parameters":[],"shouldDisplayMessage":false,"stepsCount":0,"attachmentsCount":1,"hasContent":true,"attachmentStep":false},{"name":"call_main_url::0","time":{"start":1758717954965,"stop":1758717955030,"duration":65},"status":"passed","steps":[],"attachments":[],"parameters":[],"shouldDisplayMessage":false,"stepsCount":0,"attachmentsCount":0,"hasContent":false,"attachmentStep":false},{"name":"record_video::0","time":{"start":1758717955031,"stop":1758717955079,"duration":48},"status":"passed","steps":[],"attachments":[],"parameters":[],"shouldDisplayMessage":false,"stepsCount":0,"attachmentsCount":0,"hasContent":false,"attachmentStep":false}],"labels":[{"name":"parentSuite","value":"Project_2_Perpetuals_QA_Testnet.Test"},{"name":"suite","value":"test_6_perps_collateral"},{"name":"subSuite","value":"TestPoolCreation"},{"name":"host","value":"kunal-pipaliya"},{"name":"thread","value":"263661-MainThread"},{"name":"framework","value":"pytest"},{"name":"language","value":"cpython3"},{"name":"package","value":"Project_2_Perpetuals_QA_Testnet.Test.test_6_perps_collateral"},{"name":"resultFormat","value":"allure2"}],"parameters":[],"links":[],"hidden":false,"retry":false,"extra":{"severity":"normal","retries":[],"categories":[{"name":"Test defects","matchedStatuses":[],"flaky":false}],"tags":[]},"source":"2bf8aecf30d1dc2b.json","parameterValues":[]}