{"name": "test_6_perps_collateral", "status": "broken", "statusDetails": {"message": "selenium.common.exceptions.TimeoutException: Message: ❌ Failed to click on element after 3 retries: //*[@class='text-xs sm:text-sm']", "trace": "self = <Project_2_Perpetuals_QA_Testnet.Test.test_6_perps_collateral.TestPoolCreation object at 0x725a0744ab90>\ncall_main_url = <selenium.webdriver.chrome.webdriver.WebDriver (session=\"22403722f25070b969ac9ff48401a377\")>, random_prices = (40, 467)\n\n    @pytest.mark.repeat(1)\n    # @pytest.mark.parametrize(\"SL_random_price,TP_random_price\", [(testcase_amounts.SL_random_price, testcase_amounts.TP_random_price)])\n    def test_6_perps_collateral(self, call_main_url, random_prices):\n        SL_random_price, TP_random_price = random_prices\n    \n        driver = call_main_url\n        lp = Launchpage(driver)\n    \n        StaticUtil.retry_click(driver, By.XPATH, lp.token_selection())  # click on token name\n        driver.implicitly_wait(3)\n        Token_input = driver.find_element(By.XPATH, lp.token_search())\n        Token_input.clear()\n        Token_input.send_keys(\"ADA-USDT\")\n>       StaticUtil.retry_click(driver, By.XPATH, lp.token_list())\n\nProject_2_Perpetuals_QA_Testnet/Test/test_6_perps_collateral.py:31: \n_ _ _ _ _ _ _ _ _ _ _ _ _ _ _ _ _ _ _ _ _ _ _ _ _ _ _ _ _ _ _ _ _ _ _ _ _ _ _ _ _ _ _ _ _ _ _ _ _ _ _ _ _ _ _ _ _ _ _ _ _ _ _ _ _ _ _ _ _ _ _ _ _ _ _ _ _ _ _ _ _ _ _ _ _ _ _ _ _ _ _ _ _ _ _ _ _ _ _ _ _ _ _ _ _ _ _ _\n\ndriver = <selenium.webdriver.chrome.webdriver.WebDriver (session=\"22403722f25070b969ac9ff48401a377\")>, by = 'xpath', locator = \"//*[@class='text-xs sm:text-sm']\", retries = 3, delay = 5, timeout = 3\nfail_if_disabled = True\n\n    @staticmethod\n    def retry_click(driver, by, locator, retries = 3, delay = 5, timeout=3, fail_if_disabled=True):\n        for attempt in range(retries):\n            try:\n                WebDriverWait(driver, timeout).until(EC.visibility_of_element_located((by, locator)))\n                element = WebDriverWait(driver, timeout).until(EC.element_to_be_clickable((by, locator)))\n                driver.execute_script(\"arguments[0].scrollIntoView({block: 'center'});\", element)\n                driver.implicitly_wait(delay)\n                element.click()\n                return element\n    \n            except Exception as e:\n                Logger.logger.error(f\"[{attempt+1}/{retries}] Retrying click on '{locator}' due to: {str(e).splitlines()[0]}\")        # str(e).splitlines()[0]-- Avoid printing full stacktrace\n                # driver.implicitly_wait(delay)\n    \n        msg = f\"❌ Failed to click on element after {retries} retries: {locator}\"\n        if fail_if_disabled:\n            Logger.logger.error(msg)\n>           raise TimeoutException(msg)\nE           selenium.common.exceptions.TimeoutException: Message: ❌ Failed to click on element after 3 retries: //*[@class='text-xs sm:text-sm']\n\nProject_2_Perpetuals_QA_Testnet/Utils/StaticUtils.py:35: TimeoutException"}, "attachments": [{"name": "log", "source": "175f4fb6-c37e-4a08-8b92-4c232dc622bf-attachment.txt", "type": "text/plain"}], "start": 1758717945720, "stop": 1758717954939, "uuid": "4c6776c1-28c3-461a-a2f5-2d8a6cf26c56", "historyId": "3bfbfc8f32670d074111674db5269e6c", "testCaseId": "3bfbfc8f32670d074111674db5269e6c", "fullName": "Project_2_Perpetuals_QA_Testnet.Test.test_6_perps_collateral.TestPoolCreation#test_6_perps_collateral", "labels": [{"name": "parentSuite", "value": "Project_2_Perpetuals_QA_Testnet.Test"}, {"name": "suite", "value": "test_6_perps_collateral"}, {"name": "subSuite", "value": "TestPoolCreation"}, {"name": "host", "value": "kunal-pipaliya"}, {"name": "thread", "value": "263661-MainThread"}, {"name": "framework", "value": "pytest"}, {"name": "language", "value": "cpython3"}, {"name": "package", "value": "Project_2_Perpetuals_QA_Testnet.Test.test_6_perps_collateral"}], "titlePath": ["Project_2_Perpetuals_QA_Testnet", "Test", "test_6_perps_collateral.py", "TestPoolCreation"]}